# JRE version: Java(TM) SE Runtime Environment (8.0_25-b18) (build 1.8.0_25-b18)
# Java VM: Java HotSpot(TM) 64-Bit Server VM (25.25-b02 mixed mode windows-amd64 compressed oops)
Heap:
 PSYoungGen      total 107520K, used 75514K [0x00000000f5580000, 0x0000000100000000, 0x0000000100000000)
  eden space 65024K, 65% used [0x00000000f5580000,0x00000000f7f33bd8,0x00000000f9500000)
  from space 42496K, 77% used [0x00000000fd680000,0x00000000ff68ade8,0x0000000100000000)
  to   space 54784K, 0% used [0x00000000f9500000,0x00000000f9500000,0x00000000fca80000)
 ParOldGen       total 244224K, used 166353K [0x00000000e0000000, 0x00000000eee80000, 0x00000000f5580000)
  object space 244224K, 68% used [0x00000000e0000000,0x00000000ea274680,0x00000000eee80000)
 Metaspace       used 46589K, capacity 47502K, committed 48256K, reserved 1091584K
  class space    used 6112K, capacity 6341K, committed 6528K, reserved 1048576K
GC Heap History (10 events):
Event: 4442.462 GC heap before
{Heap before GC invocations=29 (full 4):
 PSYoungGen      total 132608K, used 97280K [0x00000000f5580000, 0x00000000ffb80000, 0x0000000100000000)
  eden space 97280K, 100% used [0x00000000f5580000,0x00000000fb480000,0x00000000fb480000)
  from space 35328K, 0% used [0x00000000fd900000,0x00000000fd900000,0x00000000ffb80000)
  to   space 36352K, 0% used [0x00000000fb480000,0x00000000fb480000,0x00000000fd800000)
 ParOldGen       total 166400K, used 102745K [0x00000000e0000000, 0x00000000ea280000, 0x00000000f5580000)
  object space 166400K, 61% used [0x00000000e0000000,0x00000000e6456768,0x00000000ea280000)
 Metaspace       used 45393K, capacity 46068K, committed 47360K, reserved 1089536K
  class space    used 6040K, capacity 6214K, committed 6400K, reserved 1048576K
Event: 4442.471 GC heap after
Heap after GC invocations=29 (full 4):
 PSYoungGen      total 133632K, used 2400K [0x00000000f5580000, 0x00000000fff00000, 0x0000000100000000)
  eden space 97280K, 0% used [0x00000000f5580000,0x00000000f5580000,0x00000000fb480000)
  from space 36352K, 6% used [0x00000000fb480000,0x00000000fb6d8000,0x00000000fd800000)
  to   space 35328K, 0% used [0x00000000fdc80000,0x00000000fdc80000,0x00000000fff00000)
 ParOldGen       total 166400K, used 102745K [0x00000000e0000000, 0x00000000ea280000, 0x00000000f5580000)
  object space 166400K, 61% used [0x00000000e0000000,0x00000000e6456768,0x00000000ea280000)
 Metaspace       used 45393K, capacity 46068K, committed 47360K, reserved 1089536K
  class space    used 6040K, capacity 6214K, committed 6400K, reserved 1048576K
}
Event: 4455.615 GC heap before
{Heap before GC invocations=30 (full 4):
 PSYoungGen      total 133632K, used 99680K [0x00000000f5580000, 0x00000000fff00000, 0x0000000100000000)
  eden space 97280K, 100% used [0x00000000f5580000,0x00000000fb480000,0x00000000fb480000)
  from space 36352K, 6% used [0x00000000fb480000,0x00000000fb6d8000,0x00000000fd800000)
  to   space 35328K, 0% used [0x00000000fdc80000,0x00000000fdc80000,0x00000000fff00000)
 ParOldGen       total 166400K, used 102745K [0x00000000e0000000, 0x00000000ea280000, 0x00000000f5580000)
  object space 166400K, 61% used [0x00000000e0000000,0x00000000e6456768,0x00000000ea280000)
 Metaspace       used 45707K, capacity 46394K, committed 47616K, reserved 1091584K
  class space    used 6047K, capacity 6215K, committed 6400K, reserved 1048576K
Event: 4455.637 GC heap after
Heap after GC invocations=30 (full 4):
 PSYoungGen      total 126976K, used 33638K [0x00000000f5580000, 0x0000000100000000, 0x0000000100000000)
  eden space 91648K, 0% used [0x00000000f5580000,0x00000000f5580000,0x00000000faf00000)
  from space 35328K, 95% used [0x00000000fdc80000,0x00000000ffd59b18,0x00000000fff00000)
  to   space 41472K, 0% used [0x00000000faf00000,0x00000000faf00000,0x00000000fd780000)
 ParOldGen       total 166400K, used 102809K [0x00000000e0000000, 0x00000000ea280000, 0x00000000f5580000)
  object space 166400K, 61% used [0x00000000e0000000,0x00000000e6466700,0x00000000ea280000)
 Metaspace       used 45707K, capacity 46394K, committed 47616K, reserved 1091584K
  class space    used 6047K, capacity 6215K, committed 6400K, reserved 1048576K
}
Event: 4456.390 GC heap before
{Heap before GC invocations=31 (full 4):
 PSYoungGen      total 126976K, used 125286K [0x00000000f5580000, 0x0000000100000000, 0x0000000100000000)
  eden space 91648K, 100% used [0x00000000f5580000,0x00000000faf00000,0x00000000faf00000)
  from space 35328K, 95% used [0x00000000fdc80000,0x00000000ffd59b18,0x00000000fff00000)
  to   space 41472K, 0% used [0x00000000faf00000,0x00000000faf00000,0x00000000fd780000)
 ParOldGen       total 166400K, used 102809K [0x00000000e0000000, 0x00000000ea280000, 0x00000000f5580000)
  object space 166400K, 61% used [0x00000000e0000000,0x00000000e6466700,0x00000000ea280000)
 Metaspace       used 45741K, capacity 46458K, committed 47616K, reserved 1091584K
  class space    used 6049K, capacity 6215K, committed 6400K, reserved 1048576K
Event: 4456.428 GC heap after
Heap after GC invocations=31 (full 4):
 PSYoungGen      total 132096K, used 40243K [0x00000000f5580000, 0x0000000100000000, 0x0000000100000000)
  eden space 91648K, 0% used [0x00000000f5580000,0x00000000f5580000,0x00000000faf00000)
  from space 40448K, 99% used [0x00000000faf00000,0x00000000fd64cf98,0x00000000fd680000)
  to   space 42496K, 0% used [0x00000000fd680000,0x00000000fd680000,0x0000000100000000)
 ParOldGen       total 166400K, used 131220K [0x00000000e0000000, 0x00000000ea280000, 0x00000000f5580000)
  object space 166400K, 78% used [0x00000000e0000000,0x00000000e8025338,0x00000000ea280000)
 Metaspace       used 45741K, capacity 46458K, committed 47616K, reserved 1091584K
  class space    used 6049K, capacity 6215K, committed 6400K, reserved 1048576K
}
Event: 4456.917 GC heap before
{Heap before GC invocations=32 (full 4):
 PSYoungGen      total 132096K, used 131891K [0x00000000f5580000, 0x0000000100000000, 0x0000000100000000)
  eden space 91648K, 100% used [0x00000000f5580000,0x00000000faf00000,0x00000000faf00000)
  from space 40448K, 99% used [0x00000000faf00000,0x00000000fd64cf98,0x00000000fd680000)
  to   space 42496K, 0% used [0x00000000fd680000,0x00000000fd680000,0x0000000100000000)
 ParOldGen       total 166400K, used 131220K [0x00000000e0000000, 0x00000000ea280000, 0x00000000f5580000)
  object space 166400K, 78% used [0x00000000e0000000,0x00000000e8025338,0x00000000ea280000)
 Metaspace       used 45776K, capacity 46458K, committed 47616K, reserved 1091584K
  class space    used 6049K, capacity 6215K, committed 6400K, reserved 1048576K
Event: 4456.960 GC heap after
Heap after GC invocations=32 (full 4):
 PSYoungGen      total 107520K, used 38604K [0x00000000f5580000, 0x0000000100000000, 0x0000000100000000)
  eden space 65024K, 0% used [0x00000000f5580000,0x00000000f5580000,0x00000000f9500000)
  from space 42496K, 90% used [0x00000000fd680000,0x00000000ffc333b0,0x0000000100000000)
  to   space 54784K, 0% used [0x00000000f9500000,0x00000000f9500000,0x00000000fca80000)
 ParOldGen       total 166400K, used 165199K [0x00000000e0000000, 0x00000000ea280000, 0x00000000f5580000)
  object space 166400K, 99% used [0x00000000e0000000,0x00000000ea153ce8,0x00000000ea280000)
 Metaspace       used 45776K, capacity 46458K, committed 47616K, reserved 1091584K
  class space    used 6049K, capacity 6215K, committed 6400K, reserved 1048576K
}
Event: 4456.960 GC heap before
{Heap before GC invocations=33 (full 5):
 PSYoungGen      total 107520K, used 38604K [0x00000000f5580000, 0x0000000100000000, 0x0000000100000000)
  eden space 65024K, 0% used [0x00000000f5580000,0x00000000f5580000,0x00000000f9500000)
  from space 42496K, 90% used [0x00000000fd680000,0x00000000ffc333b0,0x0000000100000000)
  to   space 54784K, 0% used [0x00000000f9500000,0x00000000f9500000,0x00000000fca80000)
 ParOldGen       total 166400K, used 165199K [0x00000000e0000000, 0x00000000ea280000, 0x00000000f5580000)
  object space 166400K, 99% used [0x00000000e0000000,0x00000000ea153ce8,0x00000000ea280000)
 Metaspace       used 45776K, capacity 46458K, committed 47616K, reserved 1091584K
  class space    used 6049K, capacity 6215K, committed 6400K, reserved 1048576K
Event: 4457.734 GC heap after
Heap after GC invocations=33 (full 5):
 PSYoungGen      total 107520K, used 32811K [0x00000000f5580000, 0x0000000100000000, 0x0000000100000000)
  eden space 65024K, 0% used [0x00000000f5580000,0x00000000f5580000,0x00000000f9500000)
  from space 42496K, 77% used [0x00000000fd680000,0x00000000ff68ade8,0x0000000100000000)
  to   space 54784K, 0% used [0x00000000f9500000,0x00000000f9500000,0x00000000fca80000)
 ParOldGen       total 244224K, used 166353K [0x00000000e0000000, 0x00000000eee80000, 0x00000000f5580000)
  object space 244224K, 68% used [0x00000000e0000000,0x00000000ea274680,0x00000000eee80000)
 Metaspace       used 45776K, capacity 46458K, committed 47616K, reserved 1091584K
  class space    used 6049K, capacity 6215K, committed 6400K, reserved 1048576K
}

